  [1m[35m (680.0ms)[0m  [1m[35mCREATE DATABASE "cats_development" ENCODING = 'unicode'[0m
  ↳ bin/rails:9
  [1m[35m (328.5ms)[0m  [1m[35mCREATE DATABASE "cats_test" ENCODING = 'unicode'[0m
  ↳ bin/rails:9
  [1m[35m (19.4ms)[0m  [1m[35mCREATE TABLE "schema_migrations" ("version" character varying NOT NULL PRIMARY KEY)[0m
  ↳ bin/rails:9
  [1m[35m (15.0ms)[0m  [1m[35mCREATE TABLE "ar_internal_metadata" ("key" character varying NOT NULL PRIMARY KEY, "value" character varying, "created_at" timestamp NOT NULL, "updated_at" timestamp NOT NULL)[0m
  ↳ bin/rails:9
  [1m[35m (0.5ms)[0m  [1m[34mSELECT pg_try_advisory_lock(782232805093510260)[0m
  ↳ bin/rails:9
  [1m[35m (0.6ms)[0m  [1m[34mSELECT "schema_migrations"."version" FROM "schema_migrations" ORDER BY "schema_migrations"."version" ASC[0m
  ↳ bin/rails:9
Migrating to CreateCats (20220507014456)
  [1m[35m (0.4ms)[0m  [1m[35mBEGIN[0m
  ↳ bin/rails:9
  [1m[35m (11.4ms)[0m  [1m[35mCREATE TABLE "cats" ("id" bigserial primary key, "birth_date" date NOT NULL, "color" character varying NOT NULL, "name" character varying NOT NULL, "sex" character varying NOT NULL, "description" text NOT NULL, "created_at" timestamp NOT NULL, "updated_at" timestamp NOT NULL)[0m
  ↳ db/migrate/20220507014456_create_cats.rb:3
  [1m[36mActiveRecord::SchemaMigration Create (1.0ms)[0m  [1m[32mINSERT INTO "schema_migrations" ("version") VALUES ($1) RETURNING "version"[0m  [["version", "20220507014456"]]
  ↳ bin/rails:9
  [1m[35m (2.6ms)[0m  [1m[35mCOMMIT[0m
  ↳ bin/rails:9
Migrating to AddCats (20220507014550)
  [1m[35m (0.3ms)[0m  [1m[35mBEGIN[0m
  ↳ bin/rails:9
  [1m[36mActiveRecord::SchemaMigration Create (0.5ms)[0m  [1m[32mINSERT INTO "schema_migrations" ("version") VALUES ($1) RETURNING "version"[0m  [["version", "20220507014550"]]
  ↳ bin/rails:9
  [1m[35m (1.5ms)[0m  [1m[35mCOMMIT[0m
  ↳ bin/rails:9
  [1m[36mActiveRecord::InternalMetadata Load (0.8ms)[0m  [1m[34mSELECT  "ar_internal_metadata".* FROM "ar_internal_metadata" WHERE "ar_internal_metadata"."key" = $1 LIMIT $2[0m  [["key", "environment"], ["LIMIT", 1]]
  ↳ bin/rails:9
  [1m[35m (0.3ms)[0m  [1m[35mBEGIN[0m
  ↳ bin/rails:9
  [1m[36mActiveRecord::InternalMetadata Create (0.9ms)[0m  [1m[32mINSERT INTO "ar_internal_metadata" ("key", "value", "created_at", "updated_at") VALUES ($1, $2, $3, $4) RETURNING "key"[0m  [["key", "environment"], ["value", "development"], ["created_at", "2022-05-07 02:03:21.130917"], ["updated_at", "2022-05-07 02:03:21.130917"]]
  ↳ bin/rails:9
  [1m[35m (1.4ms)[0m  [1m[35mCOMMIT[0m
  ↳ bin/rails:9
  [1m[35m (0.4ms)[0m  [1m[34mSELECT pg_advisory_unlock(782232805093510260)[0m
  ↳ bin/rails:9
  [1m[35m (0.3ms)[0m  [1m[34mSELECT "schema_migrations"."version" FROM "schema_migrations" ORDER BY "schema_migrations"."version" ASC[0m
  ↳ bin/rails:9
Started POST "/" for ::1 at 2022-05-07 14:20:47 -0400
  [1m[35m (2.4ms)[0m  [1m[34mSELECT "schema_migrations"."version" FROM "schema_migrations" ORDER BY "schema_migrations"."version" ASC[0m
  ↳ /home/apodavonov3616/.rbenv/versions/2.5.1/lib/ruby/gems/2.5.0/gems/activerecord-5.2.7.1/lib/active_record/log_subscriber.rb:98
  
ActionController::RoutingError (No route matches [POST] "/"):
  
actionpack (5.2.7.1) lib/action_dispatch/middleware/debug_exceptions.rb:65:in `call'
web-console (3.7.0) lib/web_console/middleware.rb:135:in `call_app'
web-console (3.7.0) lib/web_console/middleware.rb:30:in `block in call'
web-console (3.7.0) lib/web_console/middleware.rb:20:in `catch'
web-console (3.7.0) lib/web_console/middleware.rb:20:in `call'
actionpack (5.2.7.1) lib/action_dispatch/middleware/show_exceptions.rb:33:in `call'
railties (5.2.7.1) lib/rails/rack/logger.rb:38:in `call_app'
railties (5.2.7.1) lib/rails/rack/logger.rb:26:in `block in call'
activesupport (5.2.7.1) lib/active_support/tagged_logging.rb:71:in `block in tagged'
activesupport (5.2.7.1) lib/active_support/tagged_logging.rb:28:in `tagged'
activesupport (5.2.7.1) lib/active_support/tagged_logging.rb:71:in `tagged'
railties (5.2.7.1) lib/rails/rack/logger.rb:26:in `call'
sprockets-rails (3.4.2) lib/sprockets/rails/quiet_assets.rb:13:in `call'
actionpack (5.2.7.1) lib/action_dispatch/middleware/remote_ip.rb:81:in `call'
actionpack (5.2.7.1) lib/action_dispatch/middleware/request_id.rb:27:in `call'
rack (2.2.3) lib/rack/method_override.rb:24:in `call'
rack (2.2.3) lib/rack/runtime.rb:22:in `call'
activesupport (5.2.7.1) lib/active_support/cache/strategy/local_cache_middleware.rb:29:in `call'
actionpack (5.2.7.1) lib/action_dispatch/middleware/executor.rb:14:in `call'
actionpack (5.2.7.1) lib/action_dispatch/middleware/static.rb:127:in `call'
rack (2.2.3) lib/rack/sendfile.rb:110:in `call'
railties (5.2.7.1) lib/rails/engine.rb:524:in `call'
puma (3.12.6) lib/puma/configuration.rb:227:in `call'
puma (3.12.6) lib/puma/server.rb:706:in `handle_request'
puma (3.12.6) lib/puma/server.rb:476:in `process_client'
puma (3.12.6) lib/puma/server.rb:334:in `block in run'
puma (3.12.6) lib/puma/thread_pool.rb:135:in `block in spawn_thread'
Started POST "/" for ::1 at 2022-05-07 21:51:54 -0400
  [1m[35m (0.7ms)[0m  [1m[34mSELECT "schema_migrations"."version" FROM "schema_migrations" ORDER BY "schema_migrations"."version" ASC[0m
  ↳ /home/apodavonov3616/.rbenv/versions/2.5.1/lib/ruby/gems/2.5.0/gems/activerecord-5.2.7.1/lib/active_record/log_subscriber.rb:98
  
ActionController::RoutingError (No route matches [POST] "/"):
  
actionpack (5.2.7.1) lib/action_dispatch/middleware/debug_exceptions.rb:65:in `call'
web-console (3.7.0) lib/web_console/middleware.rb:135:in `call_app'
web-console (3.7.0) lib/web_console/middleware.rb:30:in `block in call'
web-console (3.7.0) lib/web_console/middleware.rb:20:in `catch'
web-console (3.7.0) lib/web_console/middleware.rb:20:in `call'
actionpack (5.2.7.1) lib/action_dispatch/middleware/show_exceptions.rb:33:in `call'
railties (5.2.7.1) lib/rails/rack/logger.rb:38:in `call_app'
railties (5.2.7.1) lib/rails/rack/logger.rb:26:in `block in call'
activesupport (5.2.7.1) lib/active_support/tagged_logging.rb:71:in `block in tagged'
activesupport (5.2.7.1) lib/active_support/tagged_logging.rb:28:in `tagged'
activesupport (5.2.7.1) lib/active_support/tagged_logging.rb:71:in `tagged'
railties (5.2.7.1) lib/rails/rack/logger.rb:26:in `call'
sprockets-rails (3.4.2) lib/sprockets/rails/quiet_assets.rb:13:in `call'
actionpack (5.2.7.1) lib/action_dispatch/middleware/remote_ip.rb:81:in `call'
actionpack (5.2.7.1) lib/action_dispatch/middleware/request_id.rb:27:in `call'
rack (2.2.3) lib/rack/method_override.rb:24:in `call'
rack (2.2.3) lib/rack/runtime.rb:22:in `call'
activesupport (5.2.7.1) lib/active_support/cache/strategy/local_cache_middleware.rb:29:in `call'
actionpack (5.2.7.1) lib/action_dispatch/middleware/executor.rb:14:in `call'
actionpack (5.2.7.1) lib/action_dispatch/middleware/static.rb:127:in `call'
rack (2.2.3) lib/rack/sendfile.rb:110:in `call'
railties (5.2.7.1) lib/rails/engine.rb:524:in `call'
puma (3.12.6) lib/puma/configuration.rb:227:in `call'
puma (3.12.6) lib/puma/server.rb:706:in `handle_request'
puma (3.12.6) lib/puma/server.rb:476:in `process_client'
puma (3.12.6) lib/puma/server.rb:334:in `block in run'
puma (3.12.6) lib/puma/thread_pool.rb:135:in `block in spawn_thread'
Started POST "/cats" for ::1 at 2022-05-07 21:52:52 -0400

AbstractController::ActionNotFound - The action 'create' could not be found for CatsController:

Started POST "/" for ::1 at 2022-05-07 21:53:09 -0400
  
ActionController::RoutingError (No route matches [POST] "/"):
  
actionpack (5.2.7.1) lib/action_dispatch/middleware/debug_exceptions.rb:65:in `call'
web-console (3.7.0) lib/web_console/middleware.rb:135:in `call_app'
web-console (3.7.0) lib/web_console/middleware.rb:30:in `block in call'
web-console (3.7.0) lib/web_console/middleware.rb:20:in `catch'
web-console (3.7.0) lib/web_console/middleware.rb:20:in `call'
actionpack (5.2.7.1) lib/action_dispatch/middleware/show_exceptions.rb:33:in `call'
railties (5.2.7.1) lib/rails/rack/logger.rb:38:in `call_app'
railties (5.2.7.1) lib/rails/rack/logger.rb:26:in `block in call'
activesupport (5.2.7.1) lib/active_support/tagged_logging.rb:71:in `block in tagged'
activesupport (5.2.7.1) lib/active_support/tagged_logging.rb:28:in `tagged'
activesupport (5.2.7.1) lib/active_support/tagged_logging.rb:71:in `tagged'
railties (5.2.7.1) lib/rails/rack/logger.rb:26:in `call'
sprockets-rails (3.4.2) lib/sprockets/rails/quiet_assets.rb:13:in `call'
actionpack (5.2.7.1) lib/action_dispatch/middleware/remote_ip.rb:81:in `call'
actionpack (5.2.7.1) lib/action_dispatch/middleware/request_id.rb:27:in `call'
rack (2.2.3) lib/rack/method_override.rb:24:in `call'
rack (2.2.3) lib/rack/runtime.rb:22:in `call'
activesupport (5.2.7.1) lib/active_support/cache/strategy/local_cache_middleware.rb:29:in `call'
actionpack (5.2.7.1) lib/action_dispatch/middleware/executor.rb:14:in `call'
actionpack (5.2.7.1) lib/action_dispatch/middleware/static.rb:127:in `call'
rack (2.2.3) lib/rack/sendfile.rb:110:in `call'
railties (5.2.7.1) lib/rails/engine.rb:524:in `call'
puma (3.12.6) lib/puma/configuration.rb:227:in `call'
puma (3.12.6) lib/puma/server.rb:706:in `handle_request'
puma (3.12.6) lib/puma/server.rb:476:in `process_client'
puma (3.12.6) lib/puma/server.rb:334:in `block in run'
puma (3.12.6) lib/puma/thread_pool.rb:135:in `block in spawn_thread'
Started POST "/" for ::1 at 2022-05-07 21:53:16 -0400
  
ActionController::RoutingError (No route matches [POST] "/"):
  
actionpack (5.2.7.1) lib/action_dispatch/middleware/debug_exceptions.rb:65:in `call'
web-console (3.7.0) lib/web_console/middleware.rb:135:in `call_app'
web-console (3.7.0) lib/web_console/middleware.rb:30:in `block in call'
web-console (3.7.0) lib/web_console/middleware.rb:20:in `catch'
web-console (3.7.0) lib/web_console/middleware.rb:20:in `call'
actionpack (5.2.7.1) lib/action_dispatch/middleware/show_exceptions.rb:33:in `call'
railties (5.2.7.1) lib/rails/rack/logger.rb:38:in `call_app'
railties (5.2.7.1) lib/rails/rack/logger.rb:26:in `block in call'
activesupport (5.2.7.1) lib/active_support/tagged_logging.rb:71:in `block in tagged'
activesupport (5.2.7.1) lib/active_support/tagged_logging.rb:28:in `tagged'
activesupport (5.2.7.1) lib/active_support/tagged_logging.rb:71:in `tagged'
railties (5.2.7.1) lib/rails/rack/logger.rb:26:in `call'
sprockets-rails (3.4.2) lib/sprockets/rails/quiet_assets.rb:13:in `call'
actionpack (5.2.7.1) lib/action_dispatch/middleware/remote_ip.rb:81:in `call'
actionpack (5.2.7.1) lib/action_dispatch/middleware/request_id.rb:27:in `call'
rack (2.2.3) lib/rack/method_override.rb:24:in `call'
rack (2.2.3) lib/rack/runtime.rb:22:in `call'
activesupport (5.2.7.1) lib/active_support/cache/strategy/local_cache_middleware.rb:29:in `call'
actionpack (5.2.7.1) lib/action_dispatch/middleware/executor.rb:14:in `call'
actionpack (5.2.7.1) lib/action_dispatch/middleware/static.rb:127:in `call'
rack (2.2.3) lib/rack/sendfile.rb:110:in `call'
railties (5.2.7.1) lib/rails/engine.rb:524:in `call'
puma (3.12.6) lib/puma/configuration.rb:227:in `call'
puma (3.12.6) lib/puma/server.rb:706:in `handle_request'
puma (3.12.6) lib/puma/server.rb:476:in `process_client'
puma (3.12.6) lib/puma/server.rb:334:in `block in run'
puma (3.12.6) lib/puma/thread_pool.rb:135:in `block in spawn_thread'
Started GET "/" for ::1 at 2022-05-07 21:53:21 -0400
Processing by Rails::WelcomeController#index as */*
  Parameters: {"user"=>{"\"username\":"=>"\"vegeta\""}}
  Rendering /home/apodavonov3616/.rbenv/versions/2.5.1/lib/ruby/gems/2.5.0/gems/railties-5.2.7.1/lib/rails/templates/rails/welcome/index.html.erb
  Rendered /home/apodavonov3616/.rbenv/versions/2.5.1/lib/ruby/gems/2.5.0/gems/railties-5.2.7.1/lib/rails/templates/rails/welcome/index.html.erb (1.9ms)
Completed 200 OK in 16ms (Views: 9.4ms | ActiveRecord: 0.0ms)


Started GET "/cats" for ::1 at 2022-05-07 21:53:34 -0400
Processing by CatsController#index as */*
  Parameters: {"user"=>{"\"username\":"=>"\"vegeta\""}}
Completed 500 Internal Server Error in 8ms (ActiveRecord: 0.0ms)



NameError - uninitialized constant Cat::M:
  app/models/cat.rb:8:in `<class:Cat>'
  app/models/cat.rb:3:in `<top (required)>'
  app/controllers/cats_controller.rb:4:in `index'

Started GET "/cats" for ::1 at 2022-05-07 21:56:19 -0400
Processing by CatsController#index as */*
  Parameters: {"user"=>{"\"username\":"=>"\"vegeta\""}}
Completed 500 Internal Server Error in 11ms (ActiveRecord: 0.0ms)



NameError - uninitialized constant Cat::M:
  app/models/cat.rb:8:in `<class:Cat>'
  app/models/cat.rb:3:in `<top (required)>'
  app/controllers/cats_controller.rb:4:in `index'

Started GET "/cats" for ::1 at 2022-05-07 21:57:03 -0400
Processing by CatsController#index as */*
  Parameters: {"user"=>{"\"username\":"=>"\"vegeta\""}}
Completed 500 Internal Server Error in 14ms (ActiveRecord: 4.6ms)



NameError - undefined local variable or method `white' for #<Class:0x00007fe8bc42bf38>:
  app/models/cat.rb:11:in `<class:Cat>'
  app/models/cat.rb:3:in `<top (required)>'
  app/controllers/cats_controller.rb:4:in `index'

Started GET "/cats" for ::1 at 2022-05-07 21:57:37 -0400
Processing by CatsController#index as */*
  Parameters: {"user"=>{"\"username\":"=>"\"vegeta\""}}
Completed 500 Internal Server Error in 9ms (ActiveRecord: 0.0ms)



ActionView::MissingTemplate - Missing template cats/index, application/index with {:locale=>[:en], :formats=>[:html, :text, :js, :css, :ics, :csv, :vcf, :vtt, :png, :jpeg, :gif, :bmp, :tiff, :svg, :mpeg, :mp3, :ogg, :m4a, :webm, :mp4, :otf, :ttf, :woff, :woff2, :xml, :rss, :atom, :yaml, :multipart_form, :url_encoded_form, :json, :pdf, :zip, :gzip], :variants=>[], :handlers=>[:raw, :erb, :html, :builder, :ruby, :coffee, :jbuilder]}. Searched in:
  * "/home/apodavonov3616/APP_ACADEMY_DAY_FOLDER/w6d5/cats/app/views":
  app/controllers/cats_controller.rb:5:in `index'

Started GET "/cats" for ::1 at 2022-05-07 22:02:26 -0400
Processing by CatsController#index as */*
  Parameters: {"user"=>{"\"username\":"=>"\"vegeta\""}}
Completed 500 Internal Server Error in 11ms (ActiveRecord: 0.0ms)



ActionView::MissingTemplate - Missing template cats/index, application/index with {:locale=>[:en], :formats=>[:html, :text, :js, :css, :ics, :csv, :vcf, :vtt, :png, :jpeg, :gif, :bmp, :tiff, :svg, :mpeg, :mp3, :ogg, :m4a, :webm, :mp4, :otf, :ttf, :woff, :woff2, :xml, :rss, :atom, :yaml, :multipart_form, :url_encoded_form, :json, :pdf, :zip, :gzip], :variants=>[], :handlers=>[:raw, :erb, :html, :builder, :ruby, :coffee, :jbuilder]}. Searched in:
  * "/home/apodavonov3616/APP_ACADEMY_DAY_FOLDER/w6d5/cats/app/views":
  app/controllers/cats_controller.rb:5:in `index'

Started GET "/cats" for ::1 at 2022-05-07 22:02:27 -0400
Processing by CatsController#index as */*
  Parameters: {"user"=>{"\"username\":"=>"\"vegeta\""}}
Completed 500 Internal Server Error in 5ms (ActiveRecord: 0.0ms)



ActionView::MissingTemplate - Missing template cats/index, application/index with {:locale=>[:en], :formats=>[:html, :text, :js, :css, :ics, :csv, :vcf, :vtt, :png, :jpeg, :gif, :bmp, :tiff, :svg, :mpeg, :mp3, :ogg, :m4a, :webm, :mp4, :otf, :ttf, :woff, :woff2, :xml, :rss, :atom, :yaml, :multipart_form, :url_encoded_form, :json, :pdf, :zip, :gzip], :variants=>[], :handlers=>[:raw, :erb, :html, :builder, :ruby, :coffee, :jbuilder]}. Searched in:
  * "/home/apodavonov3616/APP_ACADEMY_DAY_FOLDER/w6d5/cats/app/views":
  app/controllers/cats_controller.rb:5:in `index'

Started GET "/cats" for ::1 at 2022-05-07 22:02:57 -0400
Processing by CatsController#index as */*
  Parameters: {"user"=>{"\"username\":"=>"\"vegeta\""}}
Completed 500 Internal Server Error in 7ms (ActiveRecord: 0.0ms)



ActionView::MissingTemplate - Missing template cats/hi, application/hi with {:locale=>[:en], :formats=>[:html, :text, :js, :css, :ics, :csv, :vcf, :vtt, :png, :jpeg, :gif, :bmp, :tiff, :svg, :mpeg, :mp3, :ogg, :m4a, :webm, :mp4, :otf, :ttf, :woff, :woff2, :xml, :rss, :atom, :yaml, :multipart_form, :url_encoded_form, :json, :pdf, :zip, :gzip], :variants=>[], :handlers=>[:raw, :erb, :html, :builder, :ruby, :coffee, :jbuilder]}. Searched in:
  * "/home/apodavonov3616/APP_ACADEMY_DAY_FOLDER/w6d5/cats/app/views":
  app/controllers/cats_controller.rb:5:in `index'

Started GET "/cats" for ::1 at 2022-05-07 22:03:14 -0400

SyntaxError - syntax error, unexpected tSTRING_BEG, expecting keyword_end
        render :json "hi"
                     ^:
  app/controllers/cats_controller.rb:5:in `'

Started GET "/cats" for ::1 at 2022-05-07 22:04:02 -0400

SyntaxError - syntax error, unexpected tSTRING_BEG, expecting keyword_end
        render :text "hi"
                     ^:
  app/controllers/cats_controller.rb:5:in `'

Started GET "/cats" for ::1 at 2022-05-07 22:04:20 -0400
Processing by CatsController#index as */*
  Parameters: {"user"=>{"\"username\":"=>"\"vegeta\""}}
Completed 500 Internal Server Error in 13ms (ActiveRecord: 0.0ms)



ActionView::MissingTemplate - Missing template cats/index, application/index with {:locale=>[:en], :formats=>[:html, :text, :js, :css, :ics, :csv, :vcf, :vtt, :png, :jpeg, :gif, :bmp, :tiff, :svg, :mpeg, :mp3, :ogg, :m4a, :webm, :mp4, :otf, :ttf, :woff, :woff2, :xml, :rss, :atom, :yaml, :multipart_form, :url_encoded_form, :json, :pdf, :zip, :gzip], :variants=>[], :handlers=>[:raw, :erb, :html, :builder, :ruby, :coffee, :jbuilder]}. Searched in:
  * "/home/apodavonov3616/APP_ACADEMY_DAY_FOLDER/w6d5/cats/app/views":
  app/controllers/cats_controller.rb:5:in `index'

Started GET "/cats" for ::1 at 2022-05-07 22:04:42 -0400
Processing by CatsController#index as */*
  Parameters: {"user"=>{"\"username\":"=>"\"vegeta\""}}
Completed 500 Internal Server Error in 11ms (ActiveRecord: 0.0ms)



ActionView::MissingTemplate - Missing template cats/index, application/index with {:locale=>[:en], :formats=>[:html, :text, :js, :css, :ics, :csv, :vcf, :vtt, :png, :jpeg, :gif, :bmp, :tiff, :svg, :mpeg, :mp3, :ogg, :m4a, :webm, :mp4, :otf, :ttf, :woff, :woff2, :xml, :rss, :atom, :yaml, :multipart_form, :url_encoded_form, :json, :pdf, :zip, :gzip], :variants=>[], :handlers=>[:raw, :erb, :html, :builder, :ruby, :coffee, :jbuilder]}. Searched in:
  * "/home/apodavonov3616/APP_ACADEMY_DAY_FOLDER/w6d5/cats/app/views":
  app/controllers/cats_controller.rb:5:in `index'

Started GET "/cats" for ::1 at 2022-05-07 22:05:35 -0400
Processing by CatsController#index as */*
  Parameters: {"user"=>{"\"username\":"=>"\"vegeta\""}}
Completed 500 Internal Server Error in 6ms (ActiveRecord: 0.0ms)



ActionView::MissingTemplate - Missing template cats/index, application/index with {:locale=>[:en], :formats=>[:html, :text, :js, :css, :ics, :csv, :vcf, :vtt, :png, :jpeg, :gif, :bmp, :tiff, :svg, :mpeg, :mp3, :ogg, :m4a, :webm, :mp4, :otf, :ttf, :woff, :woff2, :xml, :rss, :atom, :yaml, :multipart_form, :url_encoded_form, :json, :pdf, :zip, :gzip], :variants=>[], :handlers=>[:raw, :erb, :html, :builder, :ruby, :coffee, :jbuilder]}. Searched in:
  * "/home/apodavonov3616/APP_ACADEMY_DAY_FOLDER/w6d5/cats/app/views":
  app/controllers/cats_controller.rb:5:in `index'

Started GET "/cats" for ::1 at 2022-05-07 22:07:45 -0400
Processing by CatsController#index as */*
  Parameters: {"user"=>{"\"username\":"=>"\"vegeta\""}}
Completed 200 OK in 3ms (Views: 0.1ms | ActiveRecord: 0.0ms)


Started GET "/cats" for ::1 at 2022-05-07 22:08:24 -0400
Processing by CatsController#index as */*
  Parameters: {"user"=>{"\"username\":"=>"\"vegeta\""}}
Completed 500 Internal Server Error in 7ms (ActiveRecord: 0.0ms)



ActionView::MissingTemplate - Missing template cats/index, application/index with {:locale=>[:en], :formats=>[:html, :text, :js, :css, :ics, :csv, :vcf, :vtt, :png, :jpeg, :gif, :bmp, :tiff, :svg, :mpeg, :mp3, :ogg, :m4a, :webm, :mp4, :otf, :ttf, :woff, :woff2, :xml, :rss, :atom, :yaml, :multipart_form, :url_encoded_form, :json, :pdf, :zip, :gzip], :variants=>[], :handlers=>[:raw, :erb, :html, :builder, :ruby, :coffee, :jbuilder]}. Searched in:
  * "/home/apodavonov3616/APP_ACADEMY_DAY_FOLDER/w6d5/cats/app/views":
  app/controllers/cats_controller.rb:5:in `index'

Started GET "/cats/1" for ::1 at 2022-05-07 22:08:35 -0400
Processing by CatsController#show as */*
  Parameters: {"user"=>{"\"username\":"=>"\"vegeta\""}, "id"=>"1"}
  [1m[36mCat Load (1.7ms)[0m  [1m[34mSELECT  "cats".* FROM "cats" WHERE "cats"."id" = $1 LIMIT $2[0m  [["id", 1], ["LIMIT", 1]]
  ↳ app/controllers/cats_controller.rb:9
Completed 404 Not Found in 27ms (ActiveRecord: 19.7ms)



ActiveRecord::RecordNotFound - Couldn't find Cat with 'id'=1:
  app/controllers/cats_controller.rb:9:in `show'

  [1m[35m (0.9ms)[0m  [1m[34mSELECT "schema_migrations"."version" FROM "schema_migrations" ORDER BY "schema_migrations"."version" ASC[0m
  ↳ bin/rails:9
  [1m[36mCat Load (1.8ms)[0m  [1m[34mSELECT "cats".* FROM "cats"[0m
  ↳ db/seeds.rb:10
  [1m[35m (0.4ms)[0m  [1m[35mBEGIN[0m
  ↳ db/seeds.rb:12
  [1m[36mCat Create (1.3ms)[0m  [1m[32mINSERT INTO "cats" ("birth_date", "color", "name", "sex", "created_at", "updated_at") VALUES ($1, $2, $3, $4, $5, $6) RETURNING "id"[0m  [["birth_date", 2014], ["color", "black"], ["name", "elliot"], ["sex", "M"], ["created_at", "2022-05-08 02:26:40.767551"], ["updated_at", "2022-05-08 02:26:40.767551"]]
  ↳ db/seeds.rb:12
  [1m[35m (0.2ms)[0m  [1m[31mROLLBACK[0m
  ↳ db/seeds.rb:12
  [1m[35m (0.6ms)[0m  [1m[34mSELECT "schema_migrations"."version" FROM "schema_migrations" ORDER BY "schema_migrations"."version" ASC[0m
  ↳ bin/rails:9
  [1m[36mCat Load (0.7ms)[0m  [1m[34mSELECT "cats".* FROM "cats"[0m
  ↳ db/seeds.rb:10
  [1m[35m (0.3ms)[0m  [1m[35mBEGIN[0m
  ↳ db/seeds.rb:12
  [1m[36mCat Create (16.5ms)[0m  [1m[32mINSERT INTO "cats" ("birth_date", "color", "name", "sex", "created_at", "updated_at") VALUES ($1, $2, $3, $4, $5, $6) RETURNING "id"[0m  [["birth_date", "2014-01-01"], ["color", "black"], ["name", "elliot"], ["sex", "M"], ["created_at", "2022-05-08 02:27:13.903455"], ["updated_at", "2022-05-08 02:27:13.903455"]]
  ↳ db/seeds.rb:12
  [1m[35m (0.4ms)[0m  [1m[31mROLLBACK[0m
  ↳ db/seeds.rb:12
  [1m[35m (0.4ms)[0m  [1m[34mSELECT "schema_migrations"."version" FROM "schema_migrations" ORDER BY "schema_migrations"."version" ASC[0m
  ↳ bin/rails:9
  [1m[36mCat Load (0.5ms)[0m  [1m[34mSELECT "cats".* FROM "cats"[0m
  ↳ db/seeds.rb:10
  [1m[35m (0.3ms)[0m  [1m[35mBEGIN[0m
  ↳ db/seeds.rb:12
  [1m[36mCat Create (0.6ms)[0m  [1m[32mINSERT INTO "cats" ("birth_date", "color", "name", "sex", "description", "created_at", "updated_at") VALUES ($1, $2, $3, $4, $5, $6, $7) RETURNING "id"[0m  [["birth_date", "2014-01-01"], ["color", "black"], ["name", "elliot"], ["sex", "M"], ["description", "Fantastic cat, buy now, last call!"], ["created_at", "2022-05-08 02:28:08.431430"], ["updated_at", "2022-05-08 02:28:08.431430"]]
  ↳ db/seeds.rb:12
  [1m[35m (13.0ms)[0m  [1m[35mCOMMIT[0m
  ↳ db/seeds.rb:12
  [1m[35m (0.4ms)[0m  [1m[35mBEGIN[0m
  ↳ db/seeds.rb:13
  [1m[36mCat Create (0.6ms)[0m  [1m[32mINSERT INTO "cats" ("birth_date", "color", "name", "sex", "description", "created_at", "updated_at") VALUES ($1, $2, $3, $4, $5, $6, $7) RETURNING "id"[0m  [["birth_date", "2014-01-01"], ["color", "black"], ["name", "ryan"], ["sex", "M"], ["description", "Fantastic cat, buy now, last call!"], ["created_at", "2022-05-08 02:28:08.447443"], ["updated_at", "2022-05-08 02:28:08.447443"]]
  ↳ db/seeds.rb:13
  [1m[35m (2.1ms)[0m  [1m[35mCOMMIT[0m
  ↳ db/seeds.rb:13
  [1m[35m (0.4ms)[0m  [1m[35mBEGIN[0m
  ↳ db/seeds.rb:14
  [1m[36mCat Create (0.8ms)[0m  [1m[32mINSERT INTO "cats" ("birth_date", "color", "name", "sex", "description", "created_at", "updated_at") VALUES ($1, $2, $3, $4, $5, $6, $7) RETURNING "id"[0m  [["birth_date", "2014-01-01"], ["color", "black"], ["name", "dean"], ["sex", "M"], ["description", "Fantastic cat, buy now, last call!"], ["created_at", "2022-05-08 02:28:08.453310"], ["updated_at", "2022-05-08 02:28:08.453310"]]
  ↳ db/seeds.rb:14
  [1m[35m (3.1ms)[0m  [1m[35mCOMMIT[0m
  ↳ db/seeds.rb:14
  [1m[35m (0.4ms)[0m  [1m[35mBEGIN[0m
  ↳ db/seeds.rb:15
  [1m[36mCat Create (0.6ms)[0m  [1m[32mINSERT INTO "cats" ("birth_date", "color", "name", "sex", "description", "created_at", "updated_at") VALUES ($1, $2, $3, $4, $5, $6, $7) RETURNING "id"[0m  [["birth_date", "2014-01-01"], ["color", "black"], ["name", "angela"], ["sex", "M"], ["description", "Fantastic cat, buy now, last call!"], ["created_at", "2022-05-08 02:28:08.460066"], ["updated_at", "2022-05-08 02:28:08.460066"]]
  ↳ db/seeds.rb:15
  [1m[35m (2.1ms)[0m  [1m[35mCOMMIT[0m
  ↳ db/seeds.rb:15
  [1m[35m (0.4ms)[0m  [1m[35mBEGIN[0m
  ↳ db/seeds.rb:16
  [1m[36mCat Create (0.7ms)[0m  [1m[32mINSERT INTO "cats" ("birth_date", "color", "name", "sex", "description", "created_at", "updated_at") VALUES ($1, $2, $3, $4, $5, $6, $7) RETURNING "id"[0m  [["birth_date", "2014-01-01"], ["color", "black"], ["name", "charlos"], ["sex", "M"], ["description", "Fantastic cat, buy now, last call!"], ["created_at", "2022-05-08 02:28:08.465793"], ["updated_at", "2022-05-08 02:28:08.465793"]]
  ↳ db/seeds.rb:16
  [1m[35m (2.2ms)[0m  [1m[35mCOMMIT[0m
  ↳ db/seeds.rb:16
  [1m[35m (0.4ms)[0m  [1m[35mBEGIN[0m
  ↳ db/seeds.rb:17
  [1m[36mCat Create (0.7ms)[0m  [1m[32mINSERT INTO "cats" ("birth_date", "color", "name", "sex", "description", "created_at", "updated_at") VALUES ($1, $2, $3, $4, $5, $6, $7) RETURNING "id"[0m  [["birth_date", "2014-01-01"], ["color", "black"], ["name", "alissa"], ["sex", "F"], ["description", "Fantastic cat, buy now, last call!"], ["created_at", "2022-05-08 02:28:08.471528"], ["updated_at", "2022-05-08 02:28:08.471528"]]
  ↳ db/seeds.rb:17
  [1m[35m (2.2ms)[0m  [1m[35mCOMMIT[0m
  ↳ db/seeds.rb:17
  [1m[35m (0.4ms)[0m  [1m[35mBEGIN[0m
  ↳ db/seeds.rb:18
  [1m[36mCat Create (0.6ms)[0m  [1m[32mINSERT INTO "cats" ("birth_date", "color", "name", "sex", "description", "created_at", "updated_at") VALUES ($1, $2, $3, $4, $5, $6, $7) RETURNING "id"[0m  [["birth_date", "2014-01-01"], ["color", "black"], ["name", "joe"], ["sex", "F"], ["description", "Fantastic cat, buy now, last call!"], ["created_at", "2022-05-08 02:28:08.477305"], ["updated_at", "2022-05-08 02:28:08.477305"]]
  ↳ db/seeds.rb:18
  [1m[35m (2.1ms)[0m  [1m[35mCOMMIT[0m
  ↳ db/seeds.rb:18
  [1m[35m (0.4ms)[0m  [1m[35mBEGIN[0m
  ↳ db/seeds.rb:19
  [1m[36mCat Create (0.7ms)[0m  [1m[32mINSERT INTO "cats" ("birth_date", "color", "name", "sex", "description", "created_at", "updated_at") VALUES ($1, $2, $3, $4, $5, $6, $7) RETURNING "id"[0m  [["birth_date", "2014-01-01"], ["color", "black"], ["name", "walker"], ["sex", "F"], ["description", "Fantastic cat, buy now, last call!"], ["created_at", "2022-05-08 02:28:08.483157"], ["updated_at", "2022-05-08 02:28:08.483157"]]
  ↳ db/seeds.rb:19
  [1m[35m (2.1ms)[0m  [1m[35mCOMMIT[0m
  ↳ db/seeds.rb:19
  [1m[35m (0.4ms)[0m  [1m[35mBEGIN[0m
  ↳ db/seeds.rb:20
  [1m[36mCat Create (0.7ms)[0m  [1m[32mINSERT INTO "cats" ("birth_date", "color", "name", "sex", "description", "created_at", "updated_at") VALUES ($1, $2, $3, $4, $5, $6, $7) RETURNING "id"[0m  [["birth_date", "2014-01-01"], ["color", "white"], ["name", "mike"], ["sex", "F"], ["description", "Fantastic cat, buy now, last call!"], ["created_at", "2022-05-08 02:28:08.489100"], ["updated_at", "2022-05-08 02:28:08.489100"]]
  ↳ db/seeds.rb:20
  [1m[35m (2.4ms)[0m  [1m[35mCOMMIT[0m
  ↳ db/seeds.rb:20
  [1m[35m (0.5ms)[0m  [1m[35mBEGIN[0m
  ↳ db/seeds.rb:21
  [1m[36mCat Create (0.7ms)[0m  [1m[32mINSERT INTO "cats" ("birth_date", "color", "name", "sex", "description", "created_at", "updated_at") VALUES ($1, $2, $3, $4, $5, $6, $7) RETURNING "id"[0m  [["birth_date", "2014-01-01"], ["color", "white"], ["name", "michelle"], ["sex", "F"], ["description", "Fantastic cat, buy now, last call!"], ["created_at", "2022-05-08 02:28:08.495094"], ["updated_at", "2022-05-08 02:28:08.495094"]]
  ↳ db/seeds.rb:21
  [1m[35m (2.5ms)[0m  [1m[35mCOMMIT[0m
  ↳ db/seeds.rb:21
  [1m[35m (0.4ms)[0m  [1m[35mBEGIN[0m
  ↳ db/seeds.rb:22
  [1m[36mCat Create (0.7ms)[0m  [1m[32mINSERT INTO "cats" ("birth_date", "color", "name", "sex", "description", "created_at", "updated_at") VALUES ($1, $2, $3, $4, $5, $6, $7) RETURNING "id"[0m  [["birth_date", "2014-01-01"], ["color", "white"], ["name", "vanessa"], ["sex", "F"], ["description", "Fantastic cat, buy now, last call!"], ["created_at", "2022-05-08 02:28:08.501120"], ["updated_at", "2022-05-08 02:28:08.501120"]]
  ↳ db/seeds.rb:22
  [1m[35m (2.6ms)[0m  [1m[35mCOMMIT[0m
  ↳ db/seeds.rb:22
  [1m[35m (0.4ms)[0m  [1m[35mBEGIN[0m
  ↳ db/seeds.rb:23
  [1m[36mCat Create (0.7ms)[0m  [1m[32mINSERT INTO "cats" ("birth_date", "color", "name", "sex", "description", "created_at", "updated_at") VALUES ($1, $2, $3, $4, $5, $6, $7) RETURNING "id"[0m  [["birth_date", "2014-01-01"], ["color", "white"], ["name", "jen"], ["sex", "F"], ["description", "Fantastic cat, buy now, last call!"], ["created_at", "2022-05-08 02:28:08.507410"], ["updated_at", "2022-05-08 02:28:08.507410"]]
  ↳ db/seeds.rb:23
  [1m[35m (2.5ms)[0m  [1m[35mCOMMIT[0m
  ↳ db/seeds.rb:23
  [1m[35m (0.4ms)[0m  [1m[35mBEGIN[0m
  ↳ db/seeds.rb:24
  [1m[35m (0.5ms)[0m  [1m[31mROLLBACK[0m
  ↳ db/seeds.rb:24
  [1m[35m (0.4ms)[0m  [1m[34mSELECT "schema_migrations"."version" FROM "schema_migrations" ORDER BY "schema_migrations"."version" ASC[0m
  ↳ bin/rails:9
  [1m[36mCat Load (0.4ms)[0m  [1m[34mSELECT "cats".* FROM "cats"[0m
  ↳ db/seeds.rb:10
  [1m[35m (0.5ms)[0m  [1m[35mBEGIN[0m
  ↳ db/seeds.rb:10
  [1m[36mCat Destroy (0.8ms)[0m  [1m[31mDELETE FROM "cats" WHERE "cats"."id" = $1[0m  [["id", 2]]
  ↳ db/seeds.rb:10
  [1m[35m (2.1ms)[0m  [1m[35mCOMMIT[0m
  ↳ db/seeds.rb:10
  [1m[35m (0.4ms)[0m  [1m[35mBEGIN[0m
  ↳ db/seeds.rb:10
  [1m[36mCat Destroy (0.6ms)[0m  [1m[31mDELETE FROM "cats" WHERE "cats"."id" = $1[0m  [["id", 3]]
  ↳ db/seeds.rb:10
  [1m[35m (2.3ms)[0m  [1m[35mCOMMIT[0m
  ↳ db/seeds.rb:10
  [1m[35m (0.4ms)[0m  [1m[35mBEGIN[0m
  ↳ db/seeds.rb:10
  [1m[36mCat Destroy (0.7ms)[0m  [1m[31mDELETE FROM "cats" WHERE "cats"."id" = $1[0m  [["id", 4]]
  ↳ db/seeds.rb:10
  [1m[35m (2.1ms)[0m  [1m[35mCOMMIT[0m
  ↳ db/seeds.rb:10
  [1m[35m (0.4ms)[0m  [1m[35mBEGIN[0m
  ↳ db/seeds.rb:10
  [1m[36mCat Destroy (0.7ms)[0m  [1m[31mDELETE FROM "cats" WHERE "cats"."id" = $1[0m  [["id", 5]]
  ↳ db/seeds.rb:10
  [1m[35m (1.9ms)[0m  [1m[35mCOMMIT[0m
  ↳ db/seeds.rb:10
  [1m[35m (0.4ms)[0m  [1m[35mBEGIN[0m
  ↳ db/seeds.rb:10
  [1m[36mCat Destroy (0.6ms)[0m  [1m[31mDELETE FROM "cats" WHERE "cats"."id" = $1[0m  [["id", 6]]
  ↳ db/seeds.rb:10
  [1m[35m (1.7ms)[0m  [1m[35mCOMMIT[0m
  ↳ db/seeds.rb:10
  [1m[35m (0.4ms)[0m  [1m[35mBEGIN[0m
  ↳ db/seeds.rb:10
  [1m[36mCat Destroy (0.7ms)[0m  [1m[31mDELETE FROM "cats" WHERE "cats"."id" = $1[0m  [["id", 7]]
  ↳ db/seeds.rb:10
  [1m[35m (2.0ms)[0m  [1m[35mCOMMIT[0m
  ↳ db/seeds.rb:10
  [1m[35m (0.4ms)[0m  [1m[35mBEGIN[0m
  ↳ db/seeds.rb:10
  [1m[36mCat Destroy (0.7ms)[0m  [1m[31mDELETE FROM "cats" WHERE "cats"."id" = $1[0m  [["id", 8]]
  ↳ db/seeds.rb:10
  [1m[35m (2.1ms)[0m  [1m[35mCOMMIT[0m
  ↳ db/seeds.rb:10
  [1m[35m (0.4ms)[0m  [1m[35mBEGIN[0m
  ↳ db/seeds.rb:10
  [1m[36mCat Destroy (0.8ms)[0m  [1m[31mDELETE FROM "cats" WHERE "cats"."id" = $1[0m  [["id", 9]]
  ↳ db/seeds.rb:10
  [1m[35m (2.5ms)[0m  [1m[35mCOMMIT[0m
  ↳ db/seeds.rb:10
  [1m[35m (0.6ms)[0m  [1m[35mBEGIN[0m
  ↳ db/seeds.rb:10
  [1m[36mCat Destroy (0.8ms)[0m  [1m[31mDELETE FROM "cats" WHERE "cats"."id" = $1[0m  [["id", 10]]
  ↳ db/seeds.rb:10
  [1m[35m (2.3ms)[0m  [1m[35mCOMMIT[0m
  ↳ db/seeds.rb:10
  [1m[35m (0.5ms)[0m  [1m[35mBEGIN[0m
  ↳ db/seeds.rb:10
  [1m[36mCat Destroy (0.7ms)[0m  [1m[31mDELETE FROM "cats" WHERE "cats"."id" = $1[0m  [["id", 11]]
  ↳ db/seeds.rb:10
  [1m[35m (2.6ms)[0m  [1m[35mCOMMIT[0m
  ↳ db/seeds.rb:10
  [1m[35m (0.6ms)[0m  [1m[35mBEGIN[0m
  ↳ db/seeds.rb:10
  [1m[36mCat Destroy (0.9ms)[0m  [1m[31mDELETE FROM "cats" WHERE "cats"."id" = $1[0m  [["id", 12]]
  ↳ db/seeds.rb:10
  [1m[35m (2.6ms)[0m  [1m[35mCOMMIT[0m
  ↳ db/seeds.rb:10
  [1m[35m (0.6ms)[0m  [1m[35mBEGIN[0m
  ↳ db/seeds.rb:10
  [1m[36mCat Destroy (0.8ms)[0m  [1m[31mDELETE FROM "cats" WHERE "cats"."id" = $1[0m  [["id", 13]]
  ↳ db/seeds.rb:10
  [1m[35m (2.8ms)[0m  [1m[35mCOMMIT[0m
  ↳ db/seeds.rb:10
  [1m[35m (0.5ms)[0m  [1m[35mBEGIN[0m
  ↳ db/seeds.rb:12
  [1m[36mCat Create (1.0ms)[0m  [1m[32mINSERT INTO "cats" ("birth_date", "color", "name", "sex", "description", "created_at", "updated_at") VALUES ($1, $2, $3, $4, $5, $6, $7) RETURNING "id"[0m  [["birth_date", "2014-01-01"], ["color", "black"], ["name", "elliot"], ["sex", "M"], ["description", "Fantastic cat, buy now, last call!"], ["created_at", "2022-05-08 02:28:54.578015"], ["updated_at", "2022-05-08 02:28:54.578015"]]
  ↳ db/seeds.rb:12
  [1m[35m (2.3ms)[0m  [1m[35mCOMMIT[0m
  ↳ db/seeds.rb:12
  [1m[35m (0.4ms)[0m  [1m[35mBEGIN[0m
  ↳ db/seeds.rb:13
  [1m[36mCat Create (0.9ms)[0m  [1m[32mINSERT INTO "cats" ("birth_date", "color", "name", "sex", "description", "created_at", "updated_at") VALUES ($1, $2, $3, $4, $5, $6, $7) RETURNING "id"[0m  [["birth_date", "2014-01-01"], ["color", "black"], ["name", "ryan"], ["sex", "M"], ["description", "Fantastic cat, buy now, last call!"], ["created_at", "2022-05-08 02:28:54.585007"], ["updated_at", "2022-05-08 02:28:54.585007"]]
  ↳ db/seeds.rb:13
  [1m[35m (2.5ms)[0m  [1m[35mCOMMIT[0m
  ↳ db/seeds.rb:13
  [1m[35m (0.5ms)[0m  [1m[35mBEGIN[0m
  ↳ db/seeds.rb:14
  [1m[36mCat Create (0.9ms)[0m  [1m[32mINSERT INTO "cats" ("birth_date", "color", "name", "sex", "description", "created_at", "updated_at") VALUES ($1, $2, $3, $4, $5, $6, $7) RETURNING "id"[0m  [["birth_date", "2014-01-01"], ["color", "black"], ["name", "dean"], ["sex", "M"], ["description", "Fantastic cat, buy now, last call!"], ["created_at", "2022-05-08 02:28:54.592275"], ["updated_at", "2022-05-08 02:28:54.592275"]]
  ↳ db/seeds.rb:14
  [1m[35m (2.6ms)[0m  [1m[35mCOMMIT[0m
  ↳ db/seeds.rb:14
  [1m[35m (0.7ms)[0m  [1m[35mBEGIN[0m
  ↳ db/seeds.rb:15
  [1m[36mCat Create (0.9ms)[0m  [1m[32mINSERT INTO "cats" ("birth_date", "color", "name", "sex", "description", "created_at", "updated_at") VALUES ($1, $2, $3, $4, $5, $6, $7) RETURNING "id"[0m  [["birth_date", "2014-01-01"], ["color", "black"], ["name", "angela"], ["sex", "M"], ["description", "Fantastic cat, buy now, last call!"], ["created_at", "2022-05-08 02:28:54.599902"], ["updated_at", "2022-05-08 02:28:54.599902"]]
  ↳ db/seeds.rb:15
  [1m[35m (2.5ms)[0m  [1m[35mCOMMIT[0m
  ↳ db/seeds.rb:15
  [1m[35m (0.4ms)[0m  [1m[35mBEGIN[0m
  ↳ db/seeds.rb:16
  [1m[36mCat Create (0.7ms)[0m  [1m[32mINSERT INTO "cats" ("birth_date", "color", "name", "sex", "description", "created_at", "updated_at") VALUES ($1, $2, $3, $4, $5, $6, $7) RETURNING "id"[0m  [["birth_date", "2014-01-01"], ["color", "black"], ["name", "charlos"], ["sex", "M"], ["description", "Fantastic cat, buy now, last call!"], ["created_at", "2022-05-08 02:28:54.607025"], ["updated_at", "2022-05-08 02:28:54.607025"]]
  ↳ db/seeds.rb:16
  [1m[35m (2.3ms)[0m  [1m[35mCOMMIT[0m
  ↳ db/seeds.rb:16
  [1m[35m (0.4ms)[0m  [1m[35mBEGIN[0m
  ↳ db/seeds.rb:17
  [1m[36mCat Create (0.7ms)[0m  [1m[32mINSERT INTO "cats" ("birth_date", "color", "name", "sex", "description", "created_at", "updated_at") VALUES ($1, $2, $3, $4, $5, $6, $7) RETURNING "id"[0m  [["birth_date", "2014-01-01"], ["color", "black"], ["name", "alissa"], ["sex", "F"], ["description", "Fantastic cat, buy now, last call!"], ["created_at", "2022-05-08 02:28:54.613306"], ["updated_at", "2022-05-08 02:28:54.613306"]]
  ↳ db/seeds.rb:17
  [1m[35m (2.4ms)[0m  [1m[35mCOMMIT[0m
  ↳ db/seeds.rb:17
  [1m[35m (0.5ms)[0m  [1m[35mBEGIN[0m
  ↳ db/seeds.rb:18
  [1m[36mCat Create (0.7ms)[0m  [1m[32mINSERT INTO "cats" ("birth_date", "color", "name", "sex", "description", "created_at", "updated_at") VALUES ($1, $2, $3, $4, $5, $6, $7) RETURNING "id"[0m  [["birth_date", "2014-01-01"], ["color", "black"], ["name", "joe"], ["sex", "F"], ["description", "Fantastic cat, buy now, last call!"], ["created_at", "2022-05-08 02:28:54.619324"], ["updated_at", "2022-05-08 02:28:54.619324"]]
  ↳ db/seeds.rb:18
  [1m[35m (2.3ms)[0m  [1m[35mCOMMIT[0m
  ↳ db/seeds.rb:18
  [1m[35m (0.4ms)[0m  [1m[35mBEGIN[0m
  ↳ db/seeds.rb:19
  [1m[36mCat Create (0.7ms)[0m  [1m[32mINSERT INTO "cats" ("birth_date", "color", "name", "sex", "description", "created_at", "updated_at") VALUES ($1, $2, $3, $4, $5, $6, $7) RETURNING "id"[0m  [["birth_date", "2014-01-01"], ["color", "black"], ["name", "walker"], ["sex", "F"], ["description", "Fantastic cat, buy now, last call!"], ["created_at", "2022-05-08 02:28:54.625224"], ["updated_at", "2022-05-08 02:28:54.625224"]]
  ↳ db/seeds.rb:19
  [1m[35m (2.0ms)[0m  [1m[35mCOMMIT[0m
  ↳ db/seeds.rb:19
  [1m[35m (0.4ms)[0m  [1m[35mBEGIN[0m
  ↳ db/seeds.rb:20
  [1m[36mCat Create (0.6ms)[0m  [1m[32mINSERT INTO "cats" ("birth_date", "color", "name", "sex", "description", "created_at", "updated_at") VALUES ($1, $2, $3, $4, $5, $6, $7) RETURNING "id"[0m  [["birth_date", "2014-01-01"], ["color", "white"], ["name", "mike"], ["sex", "F"], ["description", "Fantastic cat, buy now, last call!"], ["created_at", "2022-05-08 02:28:54.630884"], ["updated_at", "2022-05-08 02:28:54.630884"]]
  ↳ db/seeds.rb:20
  [1m[35m (2.2ms)[0m  [1m[35mCOMMIT[0m
  ↳ db/seeds.rb:20
  [1m[35m (0.4ms)[0m  [1m[35mBEGIN[0m
  ↳ db/seeds.rb:21
  [1m[36mCat Create (0.7ms)[0m  [1m[32mINSERT INTO "cats" ("birth_date", "color", "name", "sex", "description", "created_at", "updated_at") VALUES ($1, $2, $3, $4, $5, $6, $7) RETURNING "id"[0m  [["birth_date", "2014-01-01"], ["color", "white"], ["name", "michelle"], ["sex", "F"], ["description", "Fantastic cat, buy now, last call!"], ["created_at", "2022-05-08 02:28:54.636615"], ["updated_at", "2022-05-08 02:28:54.636615"]]
  ↳ db/seeds.rb:21
  [1m[35m (2.3ms)[0m  [1m[35mCOMMIT[0m
  ↳ db/seeds.rb:21
  [1m[35m (0.4ms)[0m  [1m[35mBEGIN[0m
  ↳ db/seeds.rb:22
  [1m[36mCat Create (0.7ms)[0m  [1m[32mINSERT INTO "cats" ("birth_date", "color", "name", "sex", "description", "created_at", "updated_at") VALUES ($1, $2, $3, $4, $5, $6, $7) RETURNING "id"[0m  [["birth_date", "2014-01-01"], ["color", "white"], ["name", "vanessa"], ["sex", "F"], ["description", "Fantastic cat, buy now, last call!"], ["created_at", "2022-05-08 02:28:54.642823"], ["updated_at", "2022-05-08 02:28:54.642823"]]
  ↳ db/seeds.rb:22
  [1m[35m (2.3ms)[0m  [1m[35mCOMMIT[0m
  ↳ db/seeds.rb:22
  [1m[35m (0.5ms)[0m  [1m[35mBEGIN[0m
  ↳ db/seeds.rb:23
  [1m[36mCat Create (0.7ms)[0m  [1m[32mINSERT INTO "cats" ("birth_date", "color", "name", "sex", "description", "created_at", "updated_at") VALUES ($1, $2, $3, $4, $5, $6, $7) RETURNING "id"[0m  [["birth_date", "2014-01-01"], ["color", "white"], ["name", "jen"], ["sex", "F"], ["description", "Fantastic cat, buy now, last call!"], ["created_at", "2022-05-08 02:28:54.648928"], ["updated_at", "2022-05-08 02:28:54.648928"]]
  ↳ db/seeds.rb:23
  [1m[35m (2.4ms)[0m  [1m[35mCOMMIT[0m
  ↳ db/seeds.rb:23
  [1m[35m (0.4ms)[0m  [1m[35mBEGIN[0m
  ↳ db/seeds.rb:24
  [1m[36mCat Create (0.7ms)[0m  [1m[32mINSERT INTO "cats" ("birth_date", "color", "name", "sex", "description", "created_at", "updated_at") VALUES ($1, $2, $3, $4, $5, $6, $7) RETURNING "id"[0m  [["birth_date", "2014-01-01"], ["color", "white"], ["name", "big_company"], ["sex", "F"], ["description", "Fantastic cat, buy now, last call!"], ["created_at", "2022-05-08 02:28:54.654925"], ["updated_at", "2022-05-08 02:28:54.654925"]]
  ↳ db/seeds.rb:24
  [1m[35m (2.0ms)[0m  [1m[35mCOMMIT[0m
  ↳ db/seeds.rb:24
  [1m[36mCat Load (0.6ms)[0m  [1m[34mSELECT "cats".* FROM "cats"[0m
Started GET "/cats/1" for ::1 at 2022-05-07 22:32:14 -0400
  [1m[35m (0.5ms)[0m  [1m[34mSELECT "schema_migrations"."version" FROM "schema_migrations" ORDER BY "schema_migrations"."version" ASC[0m
  ↳ /home/apodavonov3616/.rbenv/versions/2.5.1/lib/ruby/gems/2.5.0/gems/activerecord-5.2.7.1/lib/active_record/log_subscriber.rb:98
Processing by CatsController#show as */*
  Parameters: {"user"=>{"\"username\":"=>"\"vegeta\""}, "id"=>"1"}
  [1m[36mCat Load (0.4ms)[0m  [1m[34mSELECT  "cats".* FROM "cats" WHERE "cats"."id" = $1 LIMIT $2[0m  [["id", 1], ["LIMIT", 1]]
  ↳ app/controllers/cats_controller.rb:9
Completed 404 Not Found in 15ms (ActiveRecord: 3.9ms)



ActiveRecord::RecordNotFound - Couldn't find Cat with 'id'=1:
  app/controllers/cats_controller.rb:9:in `show'

Started GET "/cats" for ::1 at 2022-05-07 22:32:24 -0400
Processing by CatsController#index as */*
  Parameters: {"user"=>{"\"username\":"=>"\"vegeta\""}}
Completed 500 Internal Server Error in 11ms (ActiveRecord: 0.0ms)



ActionView::MissingTemplate - Missing template cats/index, application/index with {:locale=>[:en], :formats=>[:html, :text, :js, :css, :ics, :csv, :vcf, :vtt, :png, :jpeg, :gif, :bmp, :tiff, :svg, :mpeg, :mp3, :ogg, :m4a, :webm, :mp4, :otf, :ttf, :woff, :woff2, :xml, :rss, :atom, :yaml, :multipart_form, :url_encoded_form, :json, :pdf, :zip, :gzip], :variants=>[], :handlers=>[:raw, :erb, :html, :builder, :ruby, :coffee, :jbuilder]}. Searched in:
  * "/home/apodavonov3616/APP_ACADEMY_DAY_FOLDER/w6d5/cats/app/views":
  app/controllers/cats_controller.rb:5:in `index'

  [1m[36mCat Load (0.5ms)[0m  [1m[34mSELECT "cats".* FROM "cats"[0m
Started GET "/cats/14" for ::1 at 2022-05-07 22:34:02 -0400
Processing by CatsController#show as */*
  Parameters: {"user"=>{"\"username\":"=>"\"vegeta\""}, "id"=>"14"}
  [1m[36mCat Load (0.4ms)[0m  [1m[34mSELECT  "cats".* FROM "cats" WHERE "cats"."id" = $1 LIMIT $2[0m  [["id", 14], ["LIMIT", 1]]
  ↳ app/controllers/cats_controller.rb:9
Completed 500 Internal Server Error in 18ms (ActiveRecord: 0.4ms)



ActionView::MissingTemplate - Missing template cats/show, application/show with {:locale=>[:en], :formats=>[:html, :text, :js, :css, :ics, :csv, :vcf, :vtt, :png, :jpeg, :gif, :bmp, :tiff, :svg, :mpeg, :mp3, :ogg, :m4a, :webm, :mp4, :otf, :ttf, :woff, :woff2, :xml, :rss, :atom, :yaml, :multipart_form, :url_encoded_form, :json, :pdf, :zip, :gzip], :variants=>[], :handlers=>[:raw, :erb, :html, :builder, :ruby, :coffee, :jbuilder]}. Searched in:
  * "/home/apodavonov3616/APP_ACADEMY_DAY_FOLDER/w6d5/cats/app/views":
  app/controllers/cats_controller.rb:10:in `show'

Started GET "/cats" for ::1 at 2022-05-07 22:46:23 -0400
Processing by CatsController#index as */*
  Parameters: {"user"=>{"\"username\":"=>"\"vegeta\""}}
Completed 500 Internal Server Error in 14ms (ActiveRecord: 0.0ms)



ActionView::MissingTemplate - Missing template cats/index, application/index with {:locale=>[:en], :formats=>[:html, :text, :js, :css, :ics, :csv, :vcf, :vtt, :png, :jpeg, :gif, :bmp, :tiff, :svg, :mpeg, :mp3, :ogg, :m4a, :webm, :mp4, :otf, :ttf, :woff, :woff2, :xml, :rss, :atom, :yaml, :multipart_form, :url_encoded_form, :json, :pdf, :zip, :gzip], :variants=>[], :handlers=>[:raw, :erb, :html, :builder, :ruby, :coffee, :jbuilder]}. Searched in:
  * "/home/apodavonov3616/APP_ACADEMY_DAY_FOLDER/w6d5/cats/app/views":
  app/controllers/cats_controller.rb:5:in `index'

Started GET "/cats" for ::1 at 2022-05-07 22:47:30 -0400
  [1m[35m (0.5ms)[0m  [1m[34mSELECT "schema_migrations"."version" FROM "schema_migrations" ORDER BY "schema_migrations"."version" ASC[0m
  ↳ /home/apodavonov3616/.rbenv/versions/2.5.1/lib/ruby/gems/2.5.0/gems/activerecord-5.2.7.1/lib/active_record/log_subscriber.rb:98
Processing by CatsController#index as */*
  Parameters: {"user"=>{"\"username\":"=>"\"vegeta\""}}
Completed 500 Internal Server Error in 14ms (ActiveRecord: 0.0ms)



ActionView::MissingTemplate - Missing template cats/index, application/index with {:locale=>[:en], :formats=>[:html, :text, :js, :css, :ics, :csv, :vcf, :vtt, :png, :jpeg, :gif, :bmp, :tiff, :svg, :mpeg, :mp3, :ogg, :m4a, :webm, :mp4, :otf, :ttf, :woff, :woff2, :xml, :rss, :atom, :yaml, :multipart_form, :url_encoded_form, :json, :pdf, :zip, :gzip], :variants=>[], :handlers=>[:raw, :erb, :html, :builder, :ruby, :coffee, :jbuilder]}. Searched in:
  * "/home/apodavonov3616/APP_ACADEMY_DAY_FOLDER/w6d5/cats/app/views":
  app/controllers/cats_controller.rb:5:in `index'

Started GET "/cats" for ::1 at 2022-05-07 22:47:33 -0400
Processing by CatsController#index as */*
  Parameters: {"user"=>{"\"username\":"=>"\"vegeta\""}}
Completed 500 Internal Server Error in 12ms (ActiveRecord: 0.0ms)



ActionView::MissingTemplate - Missing template cats/index, application/index with {:locale=>[:en], :formats=>[:html, :text, :js, :css, :ics, :csv, :vcf, :vtt, :png, :jpeg, :gif, :bmp, :tiff, :svg, :mpeg, :mp3, :ogg, :m4a, :webm, :mp4, :otf, :ttf, :woff, :woff2, :xml, :rss, :atom, :yaml, :multipart_form, :url_encoded_form, :json, :pdf, :zip, :gzip], :variants=>[], :handlers=>[:raw, :erb, :html, :builder, :ruby, :coffee, :jbuilder]}. Searched in:
  * "/home/apodavonov3616/APP_ACADEMY_DAY_FOLDER/w6d5/cats/app/views":
  app/controllers/cats_controller.rb:5:in `index'

Started GET "/cats" for ::1 at 2022-05-07 22:58:23 -0400
Processing by CatsController#index as */*
  Parameters: {"user"=>{"\"username\":"=>"\"vegeta\""}}
Completed 500 Internal Server Error in 12ms (ActiveRecord: 0.0ms)



ActionView::MissingTemplate - Missing template cats/index, application/index with {:locale=>[:en], :formats=>[:html, :text, :js, :css, :ics, :csv, :vcf, :vtt, :png, :jpeg, :gif, :bmp, :tiff, :svg, :mpeg, :mp3, :ogg, :m4a, :webm, :mp4, :otf, :ttf, :woff, :woff2, :xml, :rss, :atom, :yaml, :multipart_form, :url_encoded_form, :json, :pdf, :zip, :gzip], :variants=>[], :handlers=>[:raw, :erb, :html, :builder, :ruby, :coffee, :jbuilder]}. Searched in:
  * "/home/apodavonov3616/APP_ACADEMY_DAY_FOLDER/w6d5/cats/app/views":
  app/controllers/cats_controller.rb:5:in `index'

Started GET "/cats" for ::1 at 2022-05-07 23:01:49 -0400
  [1m[35m (0.6ms)[0m  [1m[34mSELECT "schema_migrations"."version" FROM "schema_migrations" ORDER BY "schema_migrations"."version" ASC[0m
  ↳ /home/apodavonov3616/.rbenv/versions/2.5.1/lib/ruby/gems/2.5.0/gems/activerecord-5.2.7.1/lib/active_record/log_subscriber.rb:98
Processing by CatsController#index as */*
  Parameters: {"user"=>{"\"username\":"=>"\"vegeta\""}}
  Rendering cats/index.html.erb within layouts/application
  Rendered cats/index.html.erb within layouts/application (0.7ms)
Completed 200 OK in 212ms (Views: 199.3ms | ActiveRecord: 0.0ms)


Started GET "/cats" for ::1 at 2022-05-07 23:02:06 -0400
Processing by CatsController#index as */*
  Parameters: {"user"=>{"\"username\":"=>"\"vegeta\""}}
  Rendering cats/index.html.erb within layouts/application
  [1m[36mCat Load (0.9ms)[0m  [1m[34mSELECT "cats".* FROM "cats"[0m
  ↳ app/views/cats/index.html.erb:3
  Rendered cats/index.html.erb within layouts/application (13.5ms)
Completed 200 OK in 27ms (Views: 21.5ms | ActiveRecord: 5.5ms)


Started GET "/cats/14" for ::1 at 2022-05-07 23:02:24 -0400
Processing by CatsController#show as */*
  Parameters: {"user"=>{"\"username\":"=>"\"vegeta\""}, "id"=>"14"}
  [1m[36mCat Load (0.3ms)[0m  [1m[34mSELECT  "cats".* FROM "cats" WHERE "cats"."id" = $1 LIMIT $2[0m  [["id", 14], ["LIMIT", 1]]
  ↳ app/controllers/cats_controller.rb:9
  Rendering cats/show.html.erb within layouts/application
  Rendered cats/show.html.erb within layouts/application (10.1ms)
Completed 500 Internal Server Error in 50ms (ActiveRecord: 0.7ms)



ActionView::MissingTemplate - Missing partial cats/_cat, application/_cat with {:locale=>[:en], :formats=>[:html, :text, :js, :css, :ics, :csv, :vcf, :vtt, :png, :jpeg, :gif, :bmp, :tiff, :svg, :mpeg, :mp3, :ogg, :m4a, :webm, :mp4, :otf, :ttf, :woff, :woff2, :xml, :rss, :atom, :yaml, :multipart_form, :url_encoded_form, :json, :pdf, :zip, :gzip], :variants=>[], :handlers=>[:raw, :erb, :html, :builder, :ruby, :coffee, :jbuilder]}. Searched in:
  * "/home/apodavonov3616/APP_ACADEMY_DAY_FOLDER/w6d5/cats/app/views":
  app/views/cats/show.html.erb:9:in `_app_views_cats_show_html_erb___769998487469617625_70038334041360'
  app/controllers/cats_controller.rb:10:in `show'

Started GET "/cats/15" for ::1 at 2022-05-07 23:03:29 -0400
  [1m[35m (0.6ms)[0m  [1m[34mSELECT "schema_migrations"."version" FROM "schema_migrations" ORDER BY "schema_migrations"."version" ASC[0m
  ↳ /home/apodavonov3616/.rbenv/versions/2.5.1/lib/ruby/gems/2.5.0/gems/activerecord-5.2.7.1/lib/active_record/log_subscriber.rb:98
Processing by CatsController#show as */*
  Parameters: {"user"=>{"\"username\":"=>"\"vegeta\""}, "id"=>"15"}
  [1m[36mCat Load (0.6ms)[0m  [1m[34mSELECT  "cats".* FROM "cats" WHERE "cats"."id" = $1 LIMIT $2[0m  [["id", 15], ["LIMIT", 1]]
  ↳ app/controllers/cats_controller.rb:9
  Rendering cats/show.html.erb within layouts/application
  Rendered cats/show.html.erb within layouts/application (9.7ms)
Completed 500 Internal Server Error in 33ms (ActiveRecord: 4.3ms)



ActionView::MissingTemplate - Missing partial cats/_cat, application/_cat with {:locale=>[:en], :formats=>[:html, :text, :js, :css, :ics, :csv, :vcf, :vtt, :png, :jpeg, :gif, :bmp, :tiff, :svg, :mpeg, :mp3, :ogg, :m4a, :webm, :mp4, :otf, :ttf, :woff, :woff2, :xml, :rss, :atom, :yaml, :multipart_form, :url_encoded_form, :json, :pdf, :zip, :gzip], :variants=>[], :handlers=>[:raw, :erb, :html, :builder, :ruby, :coffee, :jbuilder]}. Searched in:
  * "/home/apodavonov3616/APP_ACADEMY_DAY_FOLDER/w6d5/cats/app/views":
  app/views/cats/show.html.erb:9:in `_app_views_cats_show_html_erb__907645272321309346_47232803365120'
  app/controllers/cats_controller.rb:10:in `show'

  [1m[36mCat Load (0.3ms)[0m  [1m[34mSELECT "cats".* FROM "cats"[0m
Started GET "/cats/15" for ::1 at 2022-05-07 23:11:41 -0400
  [1m[35m (0.6ms)[0m  [1m[34mSELECT "schema_migrations"."version" FROM "schema_migrations" ORDER BY "schema_migrations"."version" ASC[0m
  ↳ /home/apodavonov3616/.rbenv/versions/2.5.1/lib/ruby/gems/2.5.0/gems/activerecord-5.2.7.1/lib/active_record/log_subscriber.rb:98
Processing by CatsController#show as */*
  Parameters: {"user"=>{"\"username\":"=>"\"vegeta\""}, "id"=>"15"}
  [1m[36mCat Load (0.4ms)[0m  [1m[34mSELECT  "cats".* FROM "cats" WHERE "cats"."id" = $1 LIMIT $2[0m  [["id", 15], ["LIMIT", 1]]
  ↳ app/controllers/cats_controller.rb:9
  Rendering cats/show.html.erb within layouts/application
  Rendered cats/show.html.erb within layouts/application (4.9ms)
Completed 500 Internal Server Error in 32ms (ActiveRecord: 6.0ms)



ArgumentError - :birth_date can't be converted to a Time value:
  app/models/cat.rb:15:in `age'
  app/views/cats/show.html.erb:11:in `block in _app_views_cats_show_html_erb__625242146561732102_46964086976200'
  app/views/cats/show.html.erb:9:in `_app_views_cats_show_html_erb__625242146561732102_46964086976200'
  app/controllers/cats_controller.rb:10:in `show'

Started GET "/cats/15" for ::1 at 2022-05-07 23:12:55 -0400
Processing by CatsController#show as */*
  Parameters: {"user"=>{"\"username\":"=>"\"vegeta\""}, "id"=>"15"}
  [1m[36mCat Load (0.7ms)[0m  [1m[34mSELECT  "cats".* FROM "cats" WHERE "cats"."id" = $1 LIMIT $2[0m  [["id", 15], ["LIMIT", 1]]
  ↳ app/controllers/cats_controller.rb:9
  Rendering cats/show.html.erb within layouts/application
  Rendered cats/show.html.erb within layouts/application (319.1ms)
Completed 500 Internal Server Error in 353ms (ActiveRecord: 6.4ms)



NameError - undefined local variable or method `show' for #<#<Class:0x00007fcbc4206ad8>:0x00007fcbc42051d8>:
  app/views/cats/show.html.erb:17:in `_app_views_cats_show_html_erb__625242146561732102_46964085503860'
  app/controllers/cats_controller.rb:10:in `show'

Started GET "/cats/15" for ::1 at 2022-05-07 23:13:41 -0400
Processing by CatsController#show as */*
  Parameters: {"user"=>{"\"username\":"=>"\"vegeta\""}, "id"=>"15"}
  [1m[36mCat Load (0.7ms)[0m  [1m[34mSELECT  "cats".* FROM "cats" WHERE "cats"."id" = $1 LIMIT $2[0m  [["id", 15], ["LIMIT", 1]]
  ↳ app/controllers/cats_controller.rb:9
  Rendering cats/show.html.erb within layouts/application
  Rendered cats/show.html.erb within layouts/application (1.1ms)
Completed 200 OK in 182ms (Views: 179.6ms | ActiveRecord: 0.7ms)


Started GET "/cats/15" for ::1 at 2022-05-07 23:15:02 -0400
Processing by CatsController#show as */*
  Parameters: {"user"=>{"\"username\":"=>"\"vegeta\""}, "id"=>"15"}
  [1m[36mCat Load (0.4ms)[0m  [1m[34mSELECT  "cats".* FROM "cats" WHERE "cats"."id" = $1 LIMIT $2[0m  [["id", 15], ["LIMIT", 1]]
  ↳ app/controllers/cats_controller.rb:9
  Rendering cats/show.html.erb within layouts/application
  Rendered cats/show.html.erb within layouts/application (0.5ms)
Completed 200 OK in 14ms (Views: 11.9ms | ActiveRecord: 0.4ms)


Started GET "/cats/15" for ::1 at 2022-05-07 23:15:13 -0400
Processing by CatsController#show as */*
  Parameters: {"user"=>{"\"username\":"=>"\"vegeta\""}, "id"=>"15"}
  [1m[36mCat Load (0.8ms)[0m  [1m[34mSELECT  "cats".* FROM "cats" WHERE "cats"."id" = $1 LIMIT $2[0m  [["id", 15], ["LIMIT", 1]]
  ↳ app/controllers/cats_controller.rb:9
  Rendering cats/show.html.erb within layouts/application
  Rendered cats/show.html.erb within layouts/application (2.3ms)
Completed 200 OK in 25ms (Views: 22.5ms | ActiveRecord: 0.8ms)


Started GET "/cats/15" for ::1 at 2022-05-07 23:15:52 -0400
Processing by CatsController#show as */*
  Parameters: {"user"=>{"\"username\":"=>"\"vegeta\""}, "id"=>"15"}
  [1m[36mCat Load (0.5ms)[0m  [1m[34mSELECT  "cats".* FROM "cats" WHERE "cats"."id" = $1 LIMIT $2[0m  [["id", 15], ["LIMIT", 1]]
  ↳ app/controllers/cats_controller.rb:9
  Rendering cats/show.html.erb within layouts/application
  Rendered cats/show.html.erb within layouts/application (0.7ms)
Completed 200 OK in 15ms (Views: 13.6ms | ActiveRecord: 0.5ms)


Started GET "/cats/15" for ::1 at 2022-05-07 23:16:30 -0400
Processing by CatsController#show as */*
  Parameters: {"user"=>{"\"username\":"=>"\"vegeta\""}, "id"=>"15"}
  [1m[36mCat Load (0.3ms)[0m  [1m[34mSELECT  "cats".* FROM "cats" WHERE "cats"."id" = $1 LIMIT $2[0m  [["id", 15], ["LIMIT", 1]]
  ↳ app/controllers/cats_controller.rb:9
  Rendering cats/show.html.erb within layouts/application
  Rendered cats/show.html.erb within layouts/application (0.6ms)
Completed 200 OK in 14ms (Views: 12.6ms | ActiveRecord: 0.3ms)


Started GET "/cats/15" for ::1 at 2022-05-07 23:16:58 -0400
Processing by CatsController#show as */*
  Parameters: {"user"=>{"\"username\":"=>"\"vegeta\""}, "id"=>"15"}
  [1m[36mCat Load (0.5ms)[0m  [1m[34mSELECT  "cats".* FROM "cats" WHERE "cats"."id" = $1 LIMIT $2[0m  [["id", 15], ["LIMIT", 1]]
  ↳ app/controllers/cats_controller.rb:9
  Rendering cats/show.html.erb within layouts/application
  Rendered cats/show.html.erb within layouts/application (0.9ms)
Completed 200 OK in 17ms (Views: 15.3ms | ActiveRecord: 0.5ms)


Started GET "/cats/15" for ::1 at 2022-05-07 23:17:33 -0400
Processing by CatsController#show as */*
  Parameters: {"user"=>{"\"username\":"=>"\"vegeta\""}, "id"=>"15"}
  [1m[36mCat Load (1.2ms)[0m  [1m[34mSELECT  "cats".* FROM "cats" WHERE "cats"."id" = $1 LIMIT $2[0m  [["id", 15], ["LIMIT", 1]]
  ↳ app/controllers/cats_controller.rb:9
  Rendering cats/show.html.erb within layouts/application
  Rendered cats/show.html.erb within layouts/application (19.3ms)
Completed 500 Internal Server Error in 34ms (ActiveRecord: 1.2ms)



NoMethodError - undefined method `characteristic' for #<Cat:0x00007fcbb0018fc8>:
  app/views/cats/show.html.erb:14:in `block in _app_views_cats_show_html_erb__625242146561732102_70256404019740'
  app/views/cats/show.html.erb:11:in `_app_views_cats_show_html_erb__625242146561732102_70256404019740'
  app/controllers/cats_controller.rb:10:in `show'

Started GET "/cats" for ::1 at 2022-05-08 11:42:16 -0400
  [1m[35m (0.7ms)[0m  [1m[34mSELECT "schema_migrations"."version" FROM "schema_migrations" ORDER BY "schema_migrations"."version" ASC[0m
  ↳ /home/apodavonov3616/.rbenv/versions/2.5.1/lib/ruby/gems/2.5.0/gems/activerecord-5.2.7.1/lib/active_record/log_subscriber.rb:98
Processing by CatsController#index as */*
  Parameters: {"user"=>{"\"username\":"=>"\"vegeta\""}}
  Rendering cats/index.html.erb within layouts/application
  [1m[36mCat Load (0.6ms)[0m  [1m[34mSELECT "cats".* FROM "cats"[0m
  ↳ app/views/cats/index.html.erb:3
  Rendered cats/index.html.erb within layouts/application (13.1ms)
Completed 200 OK in 129ms (Views: 119.2ms | ActiveRecord: 4.4ms)


Started GET "/cats/new" for ::1 at 2022-05-08 11:42:47 -0400
Processing by CatsController#new as */*
  Parameters: {"user"=>{"\"username\":"=>"\"vegeta\""}}
  Rendering cats/new.html.erb within layouts/application
  Rendered cats/new.html.erb within layouts/application (1.0ms)
Completed 500 Internal Server Error in 9ms (ActiveRecord: 0.0ms)



SyntaxError - syntax error, unexpected keyword_end
...eze;@output_buffer.append=( end );@output_buffer.safe_append...
...                            ^~~
/home/apodavonov3616/APP_ACADEMY_DAY_FOLDER/w6d5/cats/app/views/cats/new.html.erb:30: syntax error, unexpected keyword_ensure, expecting ')'
          ensure
          ^~~~~~
/home/apodavonov3616/APP_ACADEMY_DAY_FOLDER/w6d5/cats/app/views/cats/new.html.erb:32: syntax error, unexpected keyword_end, expecting ')'
          end
          ^~~:
  app/views/cats/new.html.erb:10:in `'

Started GET "/cats/new" for ::1 at 2022-05-08 11:42:55 -0400
Processing by CatsController#new as */*
  Parameters: {"user"=>{"\"username\":"=>"\"vegeta\""}}
  Rendering cats/new.html.erb within layouts/application
  Rendered cats/new.html.erb within layouts/application (0.7ms)
Completed 500 Internal Server Error in 9ms (ActiveRecord: 0.0ms)



SyntaxError - syntax error, unexpected keyword_end
...eze;@output_buffer.append=( end );@output_buffer.safe_append...
...                            ^~~
/home/apodavonov3616/APP_ACADEMY_DAY_FOLDER/w6d5/cats/app/views/cats/new.html.erb:30: syntax error, unexpected keyword_ensure, expecting ')'
          ensure
          ^~~~~~
/home/apodavonov3616/APP_ACADEMY_DAY_FOLDER/w6d5/cats/app/views/cats/new.html.erb:32: syntax error, unexpected keyword_end, expecting ')'
          end
          ^~~:
  app/views/cats/new.html.erb:10:in `'

Started GET "/cats/new" for ::1 at 2022-05-08 11:43:16 -0400
Processing by CatsController#new as */*
  Parameters: {"user"=>{"\"username\":"=>"\"vegeta\""}}
  Rendering cats/new.html.erb within layouts/application
  Rendered cats/new.html.erb within layouts/application (28.4ms)
Completed 500 Internal Server Error in 39ms (ActiveRecord: 0.0ms)



NameError - uninitialized constant Cat::COLOR:
  app/views/cats/new.html.erb:8:in `_app_views_cats_new_html_erb__584201696715742003_47190644536260'

Started GET "/cats/new" for ::1 at 2022-05-08 11:43:35 -0400
Processing by CatsController#new as */*
  Parameters: {"user"=>{"\"username\":"=>"\"vegeta\""}}
  Rendering cats/new.html.erb within layouts/application
  Rendered cats/new.html.erb within layouts/application (8.1ms)
Completed 500 Internal Server Error in 14ms (ActiveRecord: 0.0ms)



NoMethodError - undefined method `COLOR' for #<Class:0x00007fc5548bcf10>:
  app/views/cats/new.html.erb:8:in `_app_views_cats_new_html_erb__584201696715742003_70242762656200'

Started GET "/cats/new" for ::1 at 2022-05-08 11:44:03 -0400
Processing by CatsController#new as */*
  Parameters: {"user"=>{"\"username\":"=>"\"vegeta\""}}
  Rendering cats/new.html.erb within layouts/application
  Rendered cats/new.html.erb within layouts/application (6.3ms)
Completed 500 Internal Server Error in 14ms (ActiveRecord: 0.0ms)



NameError - uninitialized constant Cat::COLOR:
  app/views/cats/new.html.erb:8:in `_app_views_cats_new_html_erb__584201696715742003_70242757016100'

Started GET "/cats/new" for ::1 at 2022-05-08 11:44:42 -0400
Processing by CatsController#new as */*
  Parameters: {"user"=>{"\"username\":"=>"\"vegeta\""}}
  Rendering cats/new.html.erb within layouts/application
  Rendered cats/new.html.erb within layouts/application (314.6ms)
Completed 500 Internal Server Error in 322ms (ActiveRecord: 0.0ms)



NameError - undefined local variable or method `cat' for #<#<Class:0x00007fc5548caae8>:0x000055d6d9f01120>
Did you mean?  catch:
  app/views/cats/new.html.erb:9:in `block in _app_views_cats_new_html_erb__584201696715742003_47190636897720'
  app/views/cats/new.html.erb:8:in `_app_views_cats_new_html_erb__584201696715742003_47190636897720'

Started GET "/cats/new" for ::1 at 2022-05-08 11:45:10 -0400
Processing by CatsController#new as */*
  Parameters: {"user"=>{"\"username\":"=>"\"vegeta\""}}
  Rendering cats/new.html.erb within layouts/application
  Rendered cats/new.html.erb within layouts/application (4.2ms)
Completed 500 Internal Server Error in 11ms (ActiveRecord: 0.0ms)



NoMethodError - undefined method `color' for nil:NilClass:
  app/views/cats/new.html.erb:9:in `block in _app_views_cats_new_html_erb__584201696715742003_70242848326500'
  app/views/cats/new.html.erb:8:in `_app_views_cats_new_html_erb__584201696715742003_70242848326500'

Started GET "/cats/new" for ::1 at 2022-05-08 11:46:45 -0400
Processing by CatsController#new as */*
  Parameters: {"user"=>{"\"username\":"=>"\"vegeta\""}}
  Rendering cats/new.html.erb within layouts/application
  Rendered cats/new.html.erb within layouts/application (330.6ms)
Completed 500 Internal Server Error in 338ms (ActiveRecord: 0.0ms)



NameError - undefined local variable or method `cat' for #<#<Class:0x00007fc5548caae8>:0x00007fc555a819d0>
Did you mean?  catch:
  app/views/cats/new.html.erb:10:in `_app_views_cats_new_html_erb__584201696715742003_70242761393400'

Started GET "/cats/new" for ::1 at 2022-05-08 11:47:25 -0400
Processing by CatsController#new as */*
  Parameters: {"user"=>{"\"username\":"=>"\"vegeta\""}}
  Rendering cats/new.html.erb within layouts/application
  Rendered cats/new.html.erb within layouts/application (399.0ms)
Completed 500 Internal Server Error in 405ms (ActiveRecord: 0.0ms)



NameError - undefined local variable or method `cat' for #<#<Class:0x00007fc5548caae8>:0x00007fc560139480>
Did you mean?  catch:
  app/views/cats/new.html.erb:10:in `_app_views_cats_new_html_erb__584201696715742003_70242848611280'

Started GET "/cats/new" for ::1 at 2022-05-08 11:47:55 -0400
Processing by CatsController#new as */*
  Parameters: {"user"=>{"\"username\":"=>"\"vegeta\""}}
  Rendering cats/new.html.erb within layouts/application
  Rendered cats/new.html.erb within layouts/application (414.4ms)
Completed 500 Internal Server Error in 426ms (ActiveRecord: 0.0ms)



NameError - undefined local variable or method `cat' for #<#<Class:0x00007fc5548caae8>:0x000055d6db95a760>
Did you mean?  catch:
  app/views/cats/new.html.erb:10:in `_app_views_cats_new_html_erb__584201696715742003_47190647741400'

Started GET "/cats/new" for ::1 at 2022-05-08 11:49:00 -0400
Processing by CatsController#new as */*
  Parameters: {"user"=>{"\"username\":"=>"\"vegeta\""}}
  Rendering cats/new.html.erb within layouts/application
  Rendered cats/new.html.erb within layouts/application (410.7ms)
Completed 500 Internal Server Error in 420ms (ActiveRecord: 0.0ms)



NameError - undefined local variable or method `cat' for #<#<Class:0x00007fc5548caae8>:0x000055d6db6c4aa0>
Did you mean?  catch:
  app/views/cats/new.html.erb:10:in `_app_views_cats_new_html_erb__584201696715742003_47190645663500'

Started GET "/cats/new" for ::1 at 2022-05-08 11:49:30 -0400
Processing by CatsController#new as */*
  Parameters: {"user"=>{"\"username\":"=>"\"vegeta\""}}
  Rendering cats/new.html.erb within layouts/application
  Rendered cats/new.html.erb within layouts/application (6.3ms)
Completed 500 Internal Server Error in 15ms (ActiveRecord: 0.0ms)



NoMethodError - undefined method `color' for nil:NilClass:
  app/views/cats/new.html.erb:24:in `block in _app_views_cats_new_html_erb__584201696715742003_70242848531500'
  app/views/cats/new.html.erb:23:in `_app_views_cats_new_html_erb__584201696715742003_70242848531500'

Started GET "/cats/new" for ::1 at 2022-05-08 11:50:53 -0400
Processing by CatsController#new as */*
  Parameters: {"user"=>{"\"username\":"=>"\"vegeta\""}}
  Rendering cats/new.html.erb within layouts/application
  Rendered cats/new.html.erb within layouts/application (1.8ms)
Completed 200 OK in 19ms (Views: 16.4ms | ActiveRecord: 0.0ms)


Started GET "/cats/new" for ::1 at 2022-05-08 11:51:16 -0400
Processing by CatsController#new as */*
  Parameters: {"user"=>{"\"username\":"=>"\"vegeta\""}}
  Rendering cats/new.html.erb within layouts/application
  Rendered cats/new.html.erb within layouts/application (0.5ms)
Completed 200 OK in 19ms (Views: 15.8ms | ActiveRecord: 0.0ms)


